03/09/2022 16:14 | TestLights | 0h 0m 53s
03/09/2022 16:16 | TestLights | 0h 0m 55s
03/09/2022 16:18 | TestLights | 0h 0m 54s
03/09/2022 16:20 | TestLights | 0h 1m 38s
03/09/2022 16:24 | TestLights | 0h 0m 54s
03/09/2022 16:33 | TestLights | 0h 0m 54s
03/09/2022 16:35 | TestLights | 0h 1m 33s
03/09/2022 16:42 | TestLights | 0h 2m 12s
03/09/2022 16:45 | TestLights | 0h 1m 42s
03/09/2022 16:48 | TestLights | 0h 2m 30s
03/09/2022 16:54 | TestLights | 0h 2m 11s
03/09/2022 16:55 | TestLights | 0h 0m 21s
03/09/2022 16:58 | TestLights | 0h 0m 19s
03/09/2022 17:01 | TestLights | 0h 2m 23s
03/09/2022 17:07 | TestLights | 0h 3m 36s
03/09/2022 17:12 | TestLights | 0h 1m 26s
03/09/2022 17:16 | TestLights | 0h 1m 32s
03/09/2022 17:26 | TestLights | 0h 1m 21s
03/09/2022 17:29 | TestLights | 0h 1m 34s
03/09/2022 17:43 | TestLights | 0h 0m 17s
03/09/2022 17:46 | TestLights | 0h 1m 26s
03/09/2022 17:49 | TestLights | 0h 1m 17s
03/09/2022 18:43 | TestLights | 0h 13m 49s
03/09/2022 19:03 | TestLights | 0h 15m 38s
03/09/2022 19:22 | TestLights | 0h 15m 28s
03/09/2022 19:44 | TestLights | 0h 13m 47s
03/09/2022 20:47 | TestLights | 0h 14m 36s
03/10/2022 10:33 | TestLights | 0h 14m 27s
03/10/2022 13:09 | TestLights | 0h 14m 36s
03/10/2022 13:41 | TestLights | 0h 15m 18s
03/10/2022 17:12 | TestLights | 0h 26m 29s
03/10/2022 18:25 | TestLights | 0h 27m 11s
03/10/2022 18:35 | New Scene | 0h 0m 53s
03/10/2022 18:36 | New Scene | 0h 0m 51s
03/10/2022 18:37 | New Scene | 0h 1m 4s
03/10/2022 18:39 | New Scene | 0h 1m 11s
03/10/2022 18:41 | New Scene | 0h 1m 50s
03/10/2022 18:43 | New Scene | 0h 1m 2s
03/10/2022 19:16 | TesLightOneRoom | 0h 0m 51s
03/10/2022 19:17 | TesLightOneRoom | 0h 0m 44s
03/11/2022 08:16 | TesLightOneRoom | 0h 0m 45s
03/11/2022 08:17 | TesLightOneRoom | 0h 0m 39s
03/11/2022 08:20 | TesLightOneRoom | 0h 0m 47s
03/11/2022 08:22 | TesLightOneRoom | 0h 0m 40s
03/11/2022 08:23 | TesLightOneRoom | 0h 0m 46s
03/11/2022 08:26 | TesLightOneRoom | 0h 0m 52s
03/11/2022 08:28 | TesLightOneRoom | 0h 0m 42s
03/11/2022 08:29 | TesLightOneRoom | 0h 0m 37s
03/11/2022 08:31 | TesLightOneRoom | 0h 0m 33s
03/11/2022 08:35 | TesLightOneRoom | 0h 2m 40s
03/11/2022 17:45 | TestLights | 0h 25m 29s
03/12/2022 15:57 | TestLights | 0h 40m 27s
03/12/2022 19:35 | TestLights | 0h 18m 36s
03/12/2022 20:06 | TesLightOneRoom | 0h 1m 56s
03/12/2022 20:11 | TesLightOneRoom | 0h 2m 13s
03/12/2022 21:58 | TesLightOneRoom | 0h 0m 39s
03/13/2022 10:03 | TestLights | 0h 29m 30s
03/13/2022 10:07 | TesLightOneRoom | 0h 2m 45s
03/13/2022 12:21 | TesLightOneRoom | 0h 5m 46s
03/13/2022 12:23 | TesLightOneRoom | 0h 0m 31s
03/13/2022 12:24 | TesLightOneRoom | 0h 0m 30s
03/13/2022 12:26 | TesLightOneRoom | 0h 0m 56s
03/13/2022 12:32 | TesLightOneRoom | 0h 4m 45s
03/13/2022 12:35 | TesLightOneRoom | 0h 1m 20s
03/13/2022 12:40 | TesLightOneRoom | 0h 3m 41s
03/13/2022 19:27 | TesLightOneRoom | 0h 1m 6s
03/13/2022 19:33 | TesLightOneRoom | 0h 2m 11s
03/13/2022 19:35 | TesLightOneRoom | 0h 2m 11s
03/13/2022 20:12 | TesLightOneRoom | 0h 2m 43s
03/13/2022 20:16 | TesLightOneRoom | 0h 2m 4s
03/13/2022 20:19 | TesLightOneRoom | 0h 1m 18s
03/13/2022 20:22 | TesLightOneRoom | 0h 1m 53s
03/13/2022 20:29 | TesLightOneRoom | 0h 5m 26s
03/13/2022 20:32 | TesLightOneRoom | 0h 1m 30s
03/13/2022 20:40 | TesLightOneRoom | 0h 7m 1s
03/13/2022 21:19 | TestLights | 0h 37m 18s
03/13/2022 21:22 | Game | 0h 0m 38s
03/13/2022 21:25 | Game | 0h 1m 0s
03/13/2022 21:26 | HomeGame | 0h 0m 50s
03/13/2022 21:31 | Game | 0h 3m 3s
03/13/2022 21:33 | Game | 0h 0m 59s
03/15/2022 08:26 | TesLightOneRoom | 0h 2m 32s
03/15/2022 08:51 | Game | 0h 2m 13s
03/15/2022 08:56 | Game | 0h 2m 42s
03/15/2022 08:58 | Game | 0h 1m 19s
03/15/2022 09:00 | Game | 0h 1m 29s
03/15/2022 09:02 | Game | 0h 0m 29s
03/15/2022 09:04 | Game | 0h 1m 29s
03/15/2022 11:22 | Game | 0h 2m 10s
03/15/2022 11:33 | Game | 0h 1m 39s
03/15/2022 11:36 | Game | 0h 1m 31s
03/15/2022 11:40 | Game | 0h 1m 30s
03/15/2022 11:41 | Game | 0h 0m 35s
03/15/2022 12:46 | Game | 0h 2m 15s
03/15/2022 17:26 | Game | 0h 1m 36s
03/16/2022 19:10 | TesLightOneRoom | 0h 1m 32s
03/19/2022 18:28 | Game | 0h 6m 13s
03/19/2022 18:30 | Game | 0h 0m 34s
03/19/2022 18:33 | Game | 0h 1m 42s
03/19/2022 18:35 | Game | 0h 1m 26s
03/19/2022 18:43 | Game | 0h 2m 20s
03/21/2022 09:38 | Game | 0h 1m 54s
03/21/2022 09:40 | Game | 0h 0m 32s
03/21/2022 09:42 | Game | 0h 1m 35s
03/21/2022 11:26 | Game | 0h 1m 32s
03/21/2022 20:19 | Game | 0h 1m 50s
03/23/2022 08:14 | Game | 0h 3m 10s
03/23/2022 08:19 | Game | 0h 0m 22s
03/23/2022 08:24 | Game | 0h 2m 58s
03/23/2022 08:45 | Game | 0h 1m 36s
03/23/2022 08:48 | Game | 0h 2m 8s
03/23/2022 11:14 | Game | 0h 2m 20s
03/23/2022 11:30 | Game | 0h 2m 26s
03/24/2022 09:39 | Game | 0h 0m 34s
03/24/2022 09:40 | Game | 0h 0m 16s
03/24/2022 09:41 | Game | 0h 0m 10s
03/24/2022 09:41 | Game | 0h 0m 17s
03/24/2022 09:42 | Game | 0h 0m 11s
03/24/2022 09:42 | Game | 0h 0m 15s
03/24/2022 09:43 | Game | 0h 0m 26s
03/24/2022 09:44 | Game | 0h 0m 24s
03/24/2022 09:48 | Game | 0h 1m 58s
03/24/2022 17:38 | HomeGame | 0h 2m 19s
03/24/2022 17:40 | Game | 0h 0m 47s
03/24/2022 17:49 | Game | 0h 2m 19s
03/24/2022 18:37 | Game | 0h 1m 58s
03/25/2022 11:48 | Game | 0h 2m 17s
03/25/2022 15:14 | Game | 0h 1m 49s
03/25/2022 15:18 | Game | 0h 1m 42s
03/25/2022 15:32 | Game | 0h 1m 51s
03/25/2022 15:44 | Game | 0h 3m 31s
